
> design-system@1.0.1 build
> next build


> Build error occurred
Error: > Couldn't find any `pages` or `app` directory. Please create one under the project root
    at findPagesDir (/Users/kkratter/Desktop/kkratter/Al dente/fusillo-design-system/design-system/node_modules/next/dist/lib/find-pages-dir.js:42:15)
    at /Users/kkratter/Desktop/kkratter/Al dente/fusillo-design-system/design-system/node_modules/next/dist/build/index.js:237:73
    at async Span.traceAsyncFn (/Users/kkratter/Desktop/kkratter/Al dente/fusillo-design-system/design-system/node_modules/next/dist/trace/trace.js:147:20)
    at async build (/Users/kkratter/Desktop/kkratter/Al dente/fusillo-design-system/design-system/node_modules/next/dist/build/index.js:187:29)
    at async main (/Users/kkratter/Desktop/kkratter/Al dente/fusillo-design-system/design-system/node_modules/next/dist/bin/next:157:5)
npm ERR! Lifecycle script `build` failed with error: 
npm ERR! Error: command failed 
npm ERR!   in workspace: design-system@1.0.1 
npm ERR!   at location: /Users/kkratter/Desktop/kkratter/Al dente/fusillo-design-system/design-system 
