
> documentation@1.0.5 build
> next build

   Linting and checking validity of types ...
Failed to compile.

../design-system/components/button/index.tsx:5:22
Type error: Cannot find module '@radix-ui/react-slot' or its corresponding type declarations.

[0m [90m 3 |[39m [90m// Import core[39m[0m
[0m [90m 4 |[39m [36mimport[39m [33m*[39m [36mas[39m [33mReact[39m [36mfrom[39m [32m'react'[39m[33m;[39m[0m
[0m[31m[1m>[22m[39m[90m 5 |[39m [36mimport[39m { [33mSlot[39m } [36mfrom[39m [32m'@radix-ui/react-slot'[39m[33m;[39m[0m
[0m [90m   |[39m                      [31m[1m^[22m[39m[0m
[0m [90m 6 |[39m [36mimport[39m { cva[33m,[39m type [33mVariantProps[39m } [36mfrom[39m [32m'class-variance-authority'[39m[33m;[39m[0m
[0m [90m 7 |[39m [90m// Import customs[39m[0m
[0m [90m 8 |[39m [36mimport[39m { cn } [36mfrom[39m [32m"@/lib/twMerge"[39m[33m;[39m[0m
npm ERR! Lifecycle script `build` failed with error: 
npm ERR! Error: command failed 
npm ERR!   in workspace: documentation@1.0.5 
npm ERR!   at location: /Users/kkratter/Desktop/kkratter/Al dente/fusillo-design-system/documentation 
